<?xml version="1.0" encoding="UTF-8"?>
<testng-results skipped="0" failed="0" ignored="0" total="2" passed="2">
  <reporter-output>
  </reporter-output>
  <suite name="s1" duration-ms="44128" started-at="2017-12-12T00:23:35Z" finished-at="2017-12-12T00:24:19Z">
    <groups>
    </groups>
    <test name="t1" duration-ms="44128" started-at="2017-12-12T00:23:35Z" finished-at="2017-12-12T00:24:19Z">
      <class name="Back.AddMovieTest">
        <test-method status="PASS" signature="addListener(org.testng.ITestContext)[pri:0, instance:Back.AddMovieTest@5f150435]" name="addListener" is-config="true" duration-ms="12" started-at="2017-12-12T08:23:35Z" finished-at="2017-12-12T08:23:35Z">
          <params>
            <param index="0">
              <value>
                <![CDATA[org.testng.TestRunner@5315b42e]]>
              </value>
            </param>
          </params>
          <reporter-output>
          </reporter-output>
        </test-method> <!-- addListener -->
        <test-method status="PASS" signature="doBeforeMethod()[pri:0, instance:Back.AddMovieTest@5f150435]" name="doBeforeMethod" is-config="true" duration-ms="10811" started-at="2017-12-12T08:23:35Z" finished-at="2017-12-12T08:23:46Z">
          <reporter-output>
          </reporter-output>
        </test-method> <!-- doBeforeMethod -->
        <test-method status="PASS" signature="testLogin()[pri:0, instance:Back.AddMovieTest@5f150435]" name="testLogin" duration-ms="12726" started-at="2017-12-12T08:23:46Z" finished-at="2017-12-12T08:23:59Z">
          <reporter-output>
          </reporter-output>
        </test-method> <!-- testLogin -->
        <test-method status="PASS" signature="addMovie()[pri:0, instance:Back.AddMovieTest@5f150435]" name="addMovie" duration-ms="19307" started-at="2017-12-12T08:23:59Z" depends-on-methods="Back.AddMovieTest.testLogin" finished-at="2017-12-12T08:24:18Z">
          <reporter-output>
          </reporter-output>
        </test-method> <!-- addMovie -->
        <test-method status="PASS" signature="doAfterMethod()[pri:0, instance:Back.AddMovieTest@5f150435]" name="doAfterMethod" is-config="true" duration-ms="1268" started-at="2017-12-12T08:24:18Z" finished-at="2017-12-12T08:24:19Z">
          <reporter-output>
          </reporter-output>
        </test-method> <!-- doAfterMethod -->
      </class> <!-- Back.AddMovieTest -->
    </test> <!-- t1 -->
  </suite> <!-- s1 -->
</testng-results>
